have_library: checking for u_init_3_8() in -licui18n... -------------------- yes

"gcc -o conftest -I. -I/System/Library/Frameworks/Ruby.framework/Versions/1.8/usr/lib/ruby/1.8/universal-darwin9.0 -I. -I/opt/local/include  -Wall conftest.c  -L"." -L"/System/Library/Frameworks/Ruby.framework/Versions/1.8/usr/lib" -L"/opt/local/lib" -licuuc -licui18n -licudata -lstdc++      -lruby -licui18n  -lpthread -ldl -lm  "
conftest.c: In function ‘t’:
conftest.c:3: error: ‘u_init_3_8’ undeclared (first use in this function)
conftest.c:3: error: (Each undeclared identifier is reported only once
conftest.c:3: error: for each function it appears in.)
checked program was:
/* begin */
1: /*top*/
2: int main() { return 0; }
3: int t() { void ((*volatile p)()); p = (void ((*)()))u_init_3_8; return 0; }
/* end */

"gcc -o conftest -I. -I/System/Library/Frameworks/Ruby.framework/Versions/1.8/usr/lib/ruby/1.8/universal-darwin9.0 -I. -I/opt/local/include  -Wall conftest.c  -L"." -L"/System/Library/Frameworks/Ruby.framework/Versions/1.8/usr/lib" -L"/opt/local/lib" -licuuc -licui18n -licudata -lstdc++      -lruby -licui18n  -lpthread -ldl -lm  "
conftest.c: In function ‘t’:
conftest.c:3: warning: implicit declaration of function ‘u_init_3_8’
checked program was:
/* begin */
1: /*top*/
2: int main() { return 0; }
3: int t() { u_init_3_8(); return 0; }
/* end */

--------------------

